빌드 시작: 2014-12-09 오전 7:10:30
     1>2 노드의 "c:\Users\ch\documents\visual studio 2013\Projects\ch1-1\ch1-1\ch1-1.vcxproj" 프로젝트(Build 대상)입니다.
     1>ClCompile:
         C:\Program Files (x86)\Microsoft Visual Studio 12.0\VC\bin\CL.exe /c /ZI /nologo /W3 /WX- /sdl /Od /Oy- /D WIN32 /D _DEBUG /D _CONSOLE /D _LIB /D _UNICODE /D UNICODE /Gm /EHsc /RTC1 /MDd /GS /fp:precise /Zc:wchar_t /Zc:forScope /Fo"Debug\\" /Fd"Debug\vc120.pdb" /Gd /TP /analyze- /errorReport:prompt Guitar.cpp GuitarSpec.cpp Inventory.cpp
         Inventory.cpp
         GuitarSpec.cpp
         Guitar.cpp
         코드를 생성하고 있습니다...
       Link:
         C:\Program Files (x86)\Microsoft Visual Studio 12.0\VC\bin\link.exe /ERRORREPORT:PROMPT /OUT:"c:\users\ch\documents\visual studio 2013\Projects\ch1-1\Debug\ch1-1.exe" /INCREMENTAL /NOLOGO kernel32.lib user32.lib gdi32.lib winspool.lib comdlg32.lib advapi32.lib shell32.lib ole32.lib oleaut32.lib uuid.lib odbc32.lib odbccp32.lib /MANIFEST /MANIFESTUAC:"level='asInvoker' uiAccess='false'" /manifest:embed /DEBUG /PDB:"c:\users\ch\documents\visual studio 2013\Projects\ch1-1\Debug\ch1-1.pdb" /SUBSYSTEM:CONSOLE /TLBID:1 /DYNAMICBASE /NXCOMPAT /IMPLIB:"c:\users\ch\documents\visual studio 2013\Projects\ch1-1\Debug\ch1-1.lib" /MACHINE:X86 Debug\Guitar.obj
         Debug\GuitarSpec.obj
         Debug\Inventory.obj
     1>Inventory.obj : error LNK2019: "public: class GuitarSpec __thiscall Guitar::getSpec(void)" (?getSpec@Guitar@@QAE?AVGuitarSpec@@XZ) 외부 기호(참조 위치: "public: class std::list<class Guitar *,class std::allocator<class Guitar *> > * __thiscall Inventory::search(class GuitarSpec)" (?search@Inventory@@QAEPAV?$list@PAVGuitar@@V?$allocator@PAVGuitar@@@std@@@std@@VGuitarSpec@@@Z) 함수)에서 확인하지 못했습니다.
     1>MSVCRTD.lib(crtexe.obj) : error LNK2019: _main 외부 기호(참조 위치: ___tmainCRTStartup 함수)에서 확인하지 못했습니다.
     1>c:\users\ch\documents\visual studio 2013\Projects\ch1-1\Debug\ch1-1.exe : fatal error LNK1120: 2개의 확인할 수 없는 외부 참조입니다.
     1>"c:\Users\ch\documents\visual studio 2013\Projects\ch1-1\ch1-1\ch1-1.vcxproj" 프로젝트를 빌드했습니다(Build 대상). - 실패

빌드하지 못했습니다.

경과 시간: 00:00:00.90
